<?xml version="1.0" encoding="UTF-8"?>
<coverage generated="1536257877999" clover="3.2.0">
  <project timestamp="1536257877999" name="All files">
    <metrics statements="217" coveredstatements="167" conditionals="68" coveredconditionals="42" methods="45" coveredmethods="35" elements="330" coveredelements="244" complexity="0" loc="217" ncloc="217" packages="3" files="5" classes="5">
      <package name="src">
        <metrics statements="45" coveredstatements="40" conditionals="8" coveredconditionals="5" methods="11" coveredmethods="9"/>
        <file name="App.ts" path="/Users/RSW/Sites/clubebossa-api-v2/src/App.ts">
          <metrics statements="32" coveredstatements="27" conditionals="4" coveredconditionals="1" methods="7" coveredmethods="5"/>
          <line num="1" count="2" type="stmt"/>
          <line num="2" count="2" type="stmt"/>
          <line num="3" count="2" type="stmt"/>
          <line num="5" count="2" type="stmt"/>
          <line num="6" count="2" type="stmt"/>
          <line num="9" count="2" type="stmt"/>
          <line num="10" count="2" type="stmt"/>
          <line num="12" count="2" type="stmt"/>
          <line num="13" count="2" type="stmt"/>
          <line num="33" count="2" type="stmt"/>
          <line num="34" count="2" type="stmt"/>
          <line num="35" count="2" type="stmt"/>
          <line num="40" count="2" type="stmt"/>
          <line num="41" count="2" type="stmt"/>
          <line num="42" count="2" type="stmt"/>
          <line num="45" count="2" type="cond" truecount="1" falsecount="1"/>
          <line num="47" count="0" type="stmt"/>
          <line num="48" count="0" type="stmt"/>
          <line num="49" count="0" type="cond" truecount="0" falsecount="2"/>
          <line num="50" count="0" type="stmt"/>
          <line num="55" count="2" type="stmt"/>
          <line num="56" count="29" type="stmt"/>
          <line num="57" count="29" type="stmt"/>
          <line num="58" count="29" type="stmt"/>
          <line num="59" count="29" type="stmt"/>
          <line num="66" count="2" type="stmt"/>
          <line num="67" count="2" type="stmt"/>
          <line num="69" count="2" type="stmt"/>
          <line num="70" count="2" type="stmt"/>
          <line num="71" count="2" type="stmt"/>
          <line num="72" count="0" type="stmt"/>
          <line num="96" count="2" type="stmt"/>
        </file>
        <file name="hello.ts" path="/Users/RSW/Sites/clubebossa-api-v2/src/hello.ts">
          <metrics statements="1" coveredstatements="1" conditionals="0" coveredconditionals="0" methods="1" coveredmethods="1"/>
          <line num="1" count="1" type="stmt"/>
        </file>
        <file name="requestAPI.ts" path="/Users/RSW/Sites/clubebossa-api-v2/src/requestAPI.ts">
          <metrics statements="12" coveredstatements="12" conditionals="4" coveredconditionals="4" methods="3" coveredmethods="3"/>
          <line num="1" count="2" type="stmt"/>
          <line num="2" count="2" type="stmt"/>
          <line num="3" count="2" type="stmt"/>
          <line num="5" count="2" type="stmt"/>
          <line num="6" count="12" type="stmt"/>
          <line num="8" count="12" type="stmt"/>
          <line num="12" count="12" type="stmt"/>
          <line num="14" count="12" type="cond" truecount="2" falsecount="0"/>
          <line num="16" count="1" type="stmt"/>
          <line num="20" count="11" type="cond" truecount="2" falsecount="0"/>
          <line num="21" count="9" type="stmt"/>
          <line num="24" count="11" type="stmt"/>
        </file>
      </package>
      <package name="src.config">
        <metrics statements="9" coveredstatements="9" conditionals="4" coveredconditionals="4" methods="1" coveredmethods="1"/>
        <file name="config.ts" path="/Users/RSW/Sites/clubebossa-api-v2/src/config/config.ts">
          <metrics statements="9" coveredstatements="9" conditionals="4" coveredconditionals="4" methods="1" coveredmethods="1"/>
          <line num="4" count="4" type="stmt"/>
          <line num="5" count="11" type="stmt"/>
          <line num="6" count="11" type="stmt"/>
          <line num="7" count="11" type="stmt"/>
          <line num="8" count="11" type="stmt"/>
          <line num="10" count="8" type="stmt"/>
          <line num="27" count="1" type="stmt"/>
          <line num="43" count="1" type="stmt"/>
          <line num="59" count="1" type="stmt"/>
        </file>
      </package>
      <package name="src.routes">
        <metrics statements="163" coveredstatements="118" conditionals="56" coveredconditionals="33" methods="33" coveredmethods="25"/>
        <file name="wordpress.ts" path="/Users/RSW/Sites/clubebossa-api-v2/src/routes/wordpress.ts">
          <metrics statements="163" coveredstatements="118" conditionals="56" coveredconditionals="33" methods="33" coveredmethods="25"/>
          <line num="1" count="2" type="stmt"/>
          <line num="2" count="2" type="stmt"/>
          <line num="4" count="2" type="stmt"/>
          <line num="6" count="2" type="stmt"/>
          <line num="8" count="2" type="stmt"/>
          <line num="10" count="2" type="stmt"/>
          <line num="11" count="1" type="stmt"/>
          <line num="14" count="2" type="stmt"/>
          <line num="15" count="37" type="stmt"/>
          <line num="16" count="37" type="stmt"/>
          <line num="17" count="37" type="stmt"/>
          <line num="19" count="37" type="stmt"/>
          <line num="20" count="37" type="stmt"/>
          <line num="21" count="37" type="stmt"/>
          <line num="24" count="2" type="stmt"/>
          <line num="31" count="2" type="cond" truecount="4" falsecount="0"/>
          <line num="34" count="1" type="stmt"/>
          <line num="35" count="1" type="stmt"/>
          <line num="41" count="1" type="stmt"/>
          <line num="42" count="1" type="stmt"/>
          <line num="51" count="2" type="stmt"/>
          <line num="52" count="82" type="stmt"/>
          <line num="53" count="82" type="stmt"/>
          <line num="54" count="82" type="cond" truecount="2" falsecount="0"/>
          <line num="55" count="81" type="stmt"/>
          <line num="56" count="322" type="stmt"/>
          <line num="57" count="322" type="cond" truecount="2" falsecount="0"/>
          <line num="58" count="241" type="stmt"/>
          <line num="61" count="81" type="stmt"/>
          <line num="63" count="1" type="stmt"/>
          <line num="70" count="37" type="stmt"/>
          <line num="84" count="37" type="stmt"/>
          <line num="85" count="37" type="stmt"/>
          <line num="86" count="37" type="stmt"/>
          <line num="88" count="37" type="stmt"/>
          <line num="91" count="37" type="stmt"/>
          <line num="95" count="37" type="stmt"/>
          <line num="100" count="37" type="stmt"/>
          <line num="101" count="37" type="stmt"/>
          <line num="102" count="37" type="stmt"/>
          <line num="109" count="37" type="stmt"/>
          <line num="110" count="20" type="stmt"/>
          <line num="111" count="20" type="stmt"/>
          <line num="112" count="20" type="stmt"/>
          <line num="113" count="20" type="stmt"/>
          <line num="114" count="20" type="stmt"/>
          <line num="122" count="37" type="stmt"/>
          <line num="123" count="4" type="stmt"/>
          <line num="124" count="4" type="stmt"/>
          <line num="126" count="4" type="cond" truecount="4" falsecount="0"/>
          <line num="128" count="1" type="stmt"/>
          <line num="130" count="4" type="stmt"/>
          <line num="136" count="37" type="stmt"/>
          <line num="137" count="28" type="stmt"/>
          <line num="138" count="28" type="stmt"/>
          <line num="145" count="37" type="stmt"/>
          <line num="146" count="82" type="stmt"/>
          <line num="152" count="37" type="cond" truecount="1" falsecount="0"/>
          <line num="153" count="84" type="cond" truecount="2" falsecount="0"/>
          <line num="157" count="84" type="stmt"/>
          <line num="158" count="84" type="cond" truecount="4" falsecount="0"/>
          <line num="159" count="11" type="stmt"/>
          <line num="160" count="11" type="stmt"/>
          <line num="161" count="11" type="stmt"/>
          <line num="162" count="11" type="stmt"/>
          <line num="163" count="11" type="stmt"/>
          <line num="165" count="73" type="stmt"/>
          <line num="180" count="37" type="stmt"/>
          <line num="181" count="0" type="cond" truecount="0" falsecount="2"/>
          <line num="184" count="0" type="stmt"/>
          <line num="194" count="37" type="stmt"/>
          <line num="195" count="0" type="cond" truecount="0" falsecount="2"/>
          <line num="197" count="0" type="stmt"/>
          <line num="199" count="0" type="stmt"/>
          <line num="200" count="0" type="stmt"/>
          <line num="202" count="0" type="stmt"/>
          <line num="203" count="0" type="stmt"/>
          <line num="205" count="0" type="stmt"/>
          <line num="206" count="0" type="stmt"/>
          <line num="208" count="0" type="stmt"/>
          <line num="209" count="0" type="stmt"/>
          <line num="220" count="37" type="stmt"/>
          <line num="221" count="0" type="cond" truecount="0" falsecount="2"/>
          <line num="223" count="0" type="stmt"/>
          <line num="225" count="0" type="stmt"/>
          <line num="227" count="0" type="stmt"/>
          <line num="229" count="0" type="stmt"/>
          <line num="230" count="0" type="stmt"/>
          <line num="232" count="0" type="stmt"/>
          <line num="233" count="0" type="stmt"/>
          <line num="235" count="0" type="stmt"/>
          <line num="236" count="0" type="stmt"/>
          <line num="272" count="37" type="stmt"/>
          <line num="273" count="0" type="cond" truecount="0" falsecount="2"/>
          <line num="275" count="0" type="stmt"/>
          <line num="277" count="0" type="stmt"/>
          <line num="278" count="0" type="stmt"/>
          <line num="280" count="0" type="stmt"/>
          <line num="281" count="0" type="stmt"/>
          <line num="283" count="0" type="stmt"/>
          <line num="284" count="0" type="stmt"/>
          <line num="286" count="0" type="stmt"/>
          <line num="287" count="0" type="stmt"/>
          <line num="297" count="37" type="stmt"/>
          <line num="298" count="0" type="cond" truecount="0" falsecount="2"/>
          <line num="300" count="0" type="stmt"/>
          <line num="302" count="0" type="stmt"/>
          <line num="303" count="0" type="stmt"/>
          <line num="305" count="0" type="stmt"/>
          <line num="306" count="0" type="stmt"/>
          <line num="308" count="0" type="stmt"/>
          <line num="309" count="0" type="stmt"/>
          <line num="311" count="0" type="stmt"/>
          <line num="312" count="0" type="stmt"/>
          <line num="316" count="37" type="stmt"/>
          <line num="317" count="0" type="stmt"/>
          <line num="318" count="0" type="stmt"/>
          <line num="320" count="0" type="stmt"/>
          <line num="328" count="37" type="stmt"/>
          <line num="330" count="80" type="cond" truecount="2" falsecount="0"/>
          <line num="331" count="22" type="stmt"/>
          <line num="334" count="80" type="stmt"/>
          <line num="336" count="80" type="stmt"/>
          <line num="338" count="80" type="stmt"/>
          <line num="340" count="80" type="cond" truecount="2" falsecount="0"/>
          <line num="341" count="71" type="stmt"/>
          <line num="343" count="80" type="stmt"/>
          <line num="349" count="80" type="stmt"/>
          <line num="350" count="80" type="stmt"/>
          <line num="351" count="78" type="stmt"/>
          <line num="355" count="80" type="stmt"/>
          <line num="357" count="79" type="stmt"/>
          <line num="358" count="79" type="stmt"/>
          <line num="360" count="1" type="stmt"/>
          <line num="361" count="1" type="stmt"/>
          <line num="365" count="80" type="stmt"/>
          <line num="368" count="37" type="stmt"/>
          <line num="369" count="14" type="cond" truecount="1" falsecount="1"/>
          <line num="370" count="14" type="stmt"/>
          <line num="371" count="14" type="stmt"/>
          <line num="372" count="14" type="stmt"/>
          <line num="373" count="14" type="stmt"/>
          <line num="375" count="14" type="stmt"/>
          <line num="379" count="14" type="stmt"/>
          <line num="380" count="14" type="stmt"/>
          <line num="382" count="14" type="stmt"/>
          <line num="383" count="14" type="stmt"/>
          <line num="384" count="28" type="stmt"/>
          <line num="385" count="28" type="stmt"/>
          <line num="387" count="112" type="stmt"/>
          <line num="389" count="104" type="stmt"/>
          <line num="390" count="104" type="stmt"/>
          <line num="394" count="104" type="cond" truecount="2" falsecount="0"/>
          <line num="395" count="26" type="stmt"/>
          <line num="396" count="26" type="cond" truecount="2" falsecount="0"/>
          <line num="397" count="13" type="stmt"/>
          <line num="401" count="8" type="stmt"/>
          <line num="402" count="8" type="stmt"/>
          <line num="404" count="8" type="cond" truecount="2" falsecount="0"/>
          <line num="405" count="2" type="stmt"/>
          <line num="406" count="2" type="cond" truecount="2" falsecount="0"/>
          <line num="407" count="1" type="stmt"/>
          <line num="440" count="14" type="stmt"/>
        </file>
      </package>
    </metrics>
  </project>
</coverage>
