{"/Users/RSW/Sites/clubebossa-api-v2/src/App.ts": {"path":"/Users/RSW/Sites/clubebossa-api-v2/src/App.ts","statementMap":{"0":{"start":{"line":1,"column":0},"end":{"line":1,"column":41}},"1":{"start":{"line":2,"column":0},"end":{"line":2,"column":34}},"2":{"start":{"line":3,"column":0},"end":{"line":3,"column":32}},"3":{"start":{"line":5,"column":0},"end":{"line":5,"column":36}},"4":{"start":{"line":6,"column":0},"end":{"line":6,"column":48}},"5":{"start":{"line":9,"column":0},"end":{"line":9,"column":35}},"6":{"start":{"line":10,"column":0},"end":{"line":10,"column":33}},"7":{"start":{"line":12,"column":15},"end":{"line":12,"column":23}},"8":{"start":{"line":13,"column":17},"end":{"line":23,"column":2}},"9":{"start":{"line":33,"column":4},"end":{"line":33,"column":29}},"10":{"start":{"line":34,"column":4},"end":{"line":34,"column":22}},"11":{"start":{"line":35,"column":4},"end":{"line":35,"column":18}},"12":{"start":{"line":40,"column":4},"end":{"line":40,"column":36}},"13":{"start":{"line":41,"column":4},"end":{"line":41,"column":40}},"14":{"start":{"line":42,"column":4},"end":{"line":42,"column":64}},"15":{"start":{"line":45,"column":4},"end":{"line":53,"column":5}},"16":{"start":{"line":47,"column":6},"end":{"line":47,"column":33}},"17":{"start":{"line":48,"column":6},"end":{"line":52,"column":9}},"18":{"start":{"line":49,"column":10},"end":{"line":51,"column":11}},"19":{"start":{"line":50,"column":14},"end":{"line":50,"column":74}},"20":{"start":{"line":55,"column":4},"end":{"line":60,"column":7}},"21":{"start":{"line":56,"column":6},"end":{"line":56,"column":56}},"22":{"start":{"line":57,"column":6},"end":{"line":57,"column":75}},"23":{"start":{"line":58,"column":6},"end":{"line":58,"column":218}},"24":{"start":{"line":59,"column":6},"end":{"line":59,"column":13}},"25":{"start":{"line":66,"column":28},"end":{"line":66,"column":70}},"26":{"start":{"line":67,"column":4},"end":{"line":74,"column":9}},"27":{"start":{"line":69,"column":8},"end":{"line":69,"column":33}},"28":{"start":{"line":70,"column":8},"end":{"line":70,"column":71}},"29":{"start":{"line":71,"column":8},"end":{"line":73,"column":9}},"30":{"start":{"line":72,"column":10},"end":{"line":72,"column":39}},"31":{"start":{"line":96,"column":0},"end":{"line":96,"column":33}}},"fnMap":{"0":{"name":"(anonymous_0)","decl":{"start":{"line":32,"column":2},"end":{"line":null,"column":-1}},"loc":{"start":{"line":32,"column":2},"end":{"line":36,"column":3}}},"1":{"name":"(anonymous_1)","decl":{"start":{"line":39,"column":10},"end":{"line":39,"column":19}},"loc":{"start":{"line":39,"column":20},"end":{"line":62,"column":3}}},"2":{"name":"(anonymous_2)","decl":{"start":{"line":48,"column":23},"end":{"line":48,"column":24}},"loc":{"start":{"line":48,"column":47},"end":{"line":52,"column":7}}},"3":{"name":"(anonymous_3)","decl":{"start":{"line":55,"column":21},"end":{"line":55,"column":22}},"loc":{"start":{"line":55,"column":40},"end":{"line":60,"column":5}}},"4":{"name":"(anonymous_4)","decl":{"start":{"line":65,"column":10},"end":{"line":65,"column":15}},"loc":{"start":{"line":65,"column":16},"end":{"line":92,"column":3}}},"5":{"name":"(anonymous_5)","decl":{"start":{"line":68,"column":12},"end":{"line":68,"column":14}},"loc":{"start":{"line":68,"column":17},"end":{"line":74,"column":7}}},"6":{"name":"(anonymous_6)","decl":{"start":{"line":71,"column":40},"end":{"line":71,"column":41}},"loc":{"start":{"line":71,"column":53},"end":{"line":73,"column":7}}}},"branchMap":{"0":{"loc":{"start":{"line":45,"column":4},"end":{"line":53,"column":5}},"type":"if","locations":[{"start":{"line":45,"column":4},"end":{"line":53,"column":5}},{"start":{"line":45,"column":4},"end":{"line":53,"column":5}}]},"1":{"loc":{"start":{"line":49,"column":10},"end":{"line":51,"column":11}},"type":"if","locations":[{"start":{"line":49,"column":10},"end":{"line":51,"column":11}},{"start":{"line":49,"column":10},"end":{"line":51,"column":11}}]}},"s":{"0":2,"1":2,"2":2,"3":2,"4":2,"5":2,"6":2,"7":2,"8":2,"9":2,"10":2,"11":2,"12":2,"13":2,"14":2,"15":2,"16":0,"17":0,"18":0,"19":0,"20":2,"21":29,"22":29,"23":29,"24":29,"25":2,"26":2,"27":2,"28":2,"29":2,"30":0,"31":2},"f":{"0":2,"1":2,"2":0,"3":29,"4":2,"5":2,"6":0},"b":{"0":[0,2],"1":[0,0]}}
,"/Users/RSW/Sites/clubebossa-api-v2/src/hello.ts": {"path":"/Users/RSW/Sites/clubebossa-api-v2/src/hello.ts","statementMap":{"0":{"start":{"line":1,"column":13},"end":{"line":1,"column":35}},"1":{"start":{"line":1,"column":27},"end":{"line":1,"column":34}}},"fnMap":{"0":{"name":"(anonymous_0)","decl":{"start":{"line":1,"column":21},"end":{"line":1,"column":23}},"loc":{"start":{"line":1,"column":27},"end":{"line":1,"column":34}}}},"branchMap":{},"s":{"0":1,"1":1},"f":{"0":1},"b":{}}
,"/Users/RSW/Sites/clubebossa-api-v2/src/requestAPI.ts": {"path":"/Users/RSW/Sites/clubebossa-api-v2/src/requestAPI.ts","statementMap":{"0":{"start":{"line":1,"column":0},"end":{"line":1,"column":34}},"1":{"start":{"line":2,"column":0},"end":{"line":2,"column":36}},"2":{"start":{"line":3,"column":15},"end":{"line":3,"column":23}},"3":{"start":{"line":6,"column":2},"end":{"line":28,"column":5}},"4":{"start":{"line":8,"column":4},"end":{"line":8,"column":35}},"5":{"start":{"line":12,"column":4},"end":{"line":27,"column":7}},"6":{"start":{"line":14,"column":6},"end":{"line":26,"column":7}},"7":{"start":{"line":16,"column":10},"end":{"line":16,"column":36}},"8":{"start":{"line":20,"column":10},"end":{"line":23,"column":11}},"9":{"start":{"line":21,"column":12},"end":{"line":21,"column":39}},"10":{"start":{"line":24,"column":10},"end":{"line":24,"column":36}},"11":{"start":{"line":5,"column":0},"end":{"line":29,"column":1}}},"fnMap":{"0":{"name":"requestAPI","decl":{"start":{"line":5,"column":0},"end":{"line":5,"column":26}},"loc":{"start":{"line":5,"column":140},"end":{"line":29,"column":1}}},"1":{"name":"(anonymous_1)","decl":{"start":{"line":6,"column":21},"end":{"line":6,"column":22}},"loc":{"start":{"line":6,"column":41},"end":{"line":28,"column":3}}},"2":{"name":"(anonymous_2)","decl":{"start":{"line":12,"column":27},"end":{"line":12,"column":28}},"loc":{"start":{"line":12,"column":53},"end":{"line":27,"column":5}}}},"branchMap":{"0":{"loc":{"start":{"line":14,"column":6},"end":{"line":26,"column":7}},"type":"if","locations":[{"start":{"line":14,"column":6},"end":{"line":26,"column":7}},{"start":{"line":14,"column":6},"end":{"line":26,"column":7}}]},"1":{"loc":{"start":{"line":20,"column":10},"end":{"line":23,"column":11}},"type":"if","locations":[{"start":{"line":20,"column":10},"end":{"line":23,"column":11}},{"start":{"line":20,"column":10},"end":{"line":23,"column":11}}]}},"s":{"0":2,"1":2,"2":2,"3":12,"4":12,"5":12,"6":12,"7":1,"8":11,"9":9,"10":11,"11":2},"f":{"0":12,"1":12,"2":12},"b":{"0":[1,11],"1":[9,2]}}
,"/Users/RSW/Sites/clubebossa-api-v2/src/config/config.ts": {"path":"/Users/RSW/Sites/clubebossa-api-v2/src/config/config.ts","statementMap":{"0":{"start":{"line":5,"column":16},"end":{"line":5,"column":20}},"1":{"start":{"line":6,"column":16},"end":{"line":6,"column":18}},"2":{"start":{"line":7,"column":17},"end":{"line":7,"column":19}},"3":{"start":{"line":8,"column":4},"end":{"line":75,"column":5}},"4":{"start":{"line":10,"column":12},"end":{"line":25,"column":14}},"5":{"start":{"line":27,"column":12},"end":{"line":41,"column":14}},"6":{"start":{"line":43,"column":12},"end":{"line":57,"column":14}},"7":{"start":{"line":59,"column":12},"end":{"line":74,"column":14}},"8":{"start":{"line":4,"column":0},"end":{"line":76,"column":1}}},"fnMap":{"0":{"name":"default_1","decl":{"start":{"line":4,"column":0},"end":{"line":null,"column":-1}},"loc":{"start":{"line":4,"column":0},"end":{"line":76,"column":1}}}},"branchMap":{"0":{"loc":{"start":{"line":9,"column":8},"end":{"line":25,"column":14}},"type":"switch","locations":[{"start":{"line":9,"column":8},"end":{"line":25,"column":14}},{"start":{"line":26,"column":8},"end":{"line":41,"column":14}},{"start":{"line":42,"column":8},"end":{"line":57,"column":14}},{"start":{"line":58,"column":8},"end":{"line":74,"column":14}}]}},"s":{"0":11,"1":11,"2":11,"3":11,"4":8,"5":1,"6":1,"7":1,"8":4},"f":{"0":11},"b":{"0":[8,1,1,1]}}
,"/Users/RSW/Sites/clubebossa-api-v2/src/routes/wordpress.ts": {"path":"/Users/RSW/Sites/clubebossa-api-v2/src/routes/wordpress.ts","statementMap":{"0":{"start":{"line":1,"column":0},"end":{"line":1,"column":63}},"1":{"start":{"line":2,"column":0},"end":{"line":2,"column":37}},"2":{"start":{"line":4,"column":0},"end":{"line":4,"column":40}},"3":{"start":{"line":6,"column":15},"end":{"line":6,"column":23}},"4":{"start":{"line":70,"column":11},"end":{"line":70,"column":41}},"5":{"start":{"line":100,"column":11},"end":{"line":100,"column":57}},"6":{"start":{"line":100,"column":42},"end":{"line":100,"column":56}},"7":{"start":{"line":101,"column":11},"end":{"line":101,"column":63}},"8":{"start":{"line":101,"column":45},"end":{"line":101,"column":62}},"9":{"start":{"line":102,"column":11},"end":{"line":102,"column":78}},"10":{"start":{"line":102,"column":51},"end":{"line":102,"column":77}},"11":{"start":{"line":109,"column":11},"end":{"line":115,"column":5}},"12":{"start":{"line":110,"column":21},"end":{"line":110,"column":31}},"13":{"start":{"line":111,"column":27},"end":{"line":111,"column":62}},"14":{"start":{"line":112,"column":8},"end":{"line":112,"column":47}},"15":{"start":{"line":113,"column":8},"end":{"line":113,"column":50}},"16":{"start":{"line":114,"column":8},"end":{"line":114,"column":26}},"17":{"start":{"line":122,"column":11},"end":{"line":131,"column":5}},"18":{"start":{"line":123,"column":21},"end":{"line":123,"column":31}},"19":{"start":{"line":124,"column":21},"end":{"line":124,"column":35}},"20":{"start":{"line":126,"column":8},"end":{"line":129,"column":9}},"21":{"start":{"line":128,"column":12},"end":{"line":128,"column":23}},"22":{"start":{"line":130,"column":8},"end":{"line":130,"column":34}},"23":{"start":{"line":136,"column":11},"end":{"line":140,"column":5}},"24":{"start":{"line":137,"column":8},"end":{"line":137,"column":30}},"25":{"start":{"line":138,"column":8},"end":{"line":138,"column":29}},"26":{"start":{"line":145,"column":11},"end":{"line":147,"column":5}},"27":{"start":{"line":146,"column":8},"end":{"line":146,"column":28}},"28":{"start":{"line":152,"column":11},"end":{"line":167,"column":5}},"29":{"start":{"line":153,"column":8},"end":{"line":156,"column":9}},"30":{"start":{"line":157,"column":8},"end":{"line":157,"column":27}},"31":{"start":{"line":158,"column":8},"end":{"line":166,"column":9}},"32":{"start":{"line":159,"column":12},"end":{"line":159,"column":40}},"33":{"start":{"line":160,"column":12},"end":{"line":160,"column":40}},"34":{"start":{"line":161,"column":12},"end":{"line":161,"column":49}},"35":{"start":{"line":162,"column":12},"end":{"line":162,"column":36}},"36":{"start":{"line":163,"column":12},"end":{"line":163,"column":24}},"37":{"start":{"line":165,"column":12},"end":{"line":165,"column":25}},"38":{"start":{"line":180,"column":11},"end":{"line":185,"column":5}},"39":{"start":{"line":181,"column":22},"end":{"line":181,"column":74}},"40":{"start":{"line":184,"column":8},"end":{"line":184,"column":37}},"41":{"start":{"line":194,"column":11},"end":{"line":211,"column":5}},"42":{"start":{"line":195,"column":21},"end":{"line":195,"column":73}},"43":{"start":{"line":197,"column":33},"end":{"line":197,"column":40}},"44":{"start":{"line":199,"column":29},"end":{"line":199,"column":74}},"45":{"start":{"line":200,"column":8},"end":{"line":210,"column":9}},"46":{"start":{"line":202,"column":16},"end":{"line":202,"column":57}},"47":{"start":{"line":203,"column":16},"end":{"line":203,"column":22}},"48":{"start":{"line":205,"column":16},"end":{"line":205,"column":60}},"49":{"start":{"line":206,"column":16},"end":{"line":206,"column":22}},"50":{"start":{"line":208,"column":16},"end":{"line":208,"column":60}},"51":{"start":{"line":209,"column":16},"end":{"line":209,"column":22}},"52":{"start":{"line":220,"column":11},"end":{"line":238,"column":5}},"53":{"start":{"line":221,"column":21},"end":{"line":221,"column":73}},"54":{"start":{"line":223,"column":33},"end":{"line":223,"column":40}},"55":{"start":{"line":225,"column":29},"end":{"line":225,"column":74}},"56":{"start":{"line":227,"column":8},"end":{"line":237,"column":9}},"57":{"start":{"line":229,"column":16},"end":{"line":229,"column":57}},"58":{"start":{"line":230,"column":16},"end":{"line":230,"column":22}},"59":{"start":{"line":232,"column":16},"end":{"line":232,"column":60}},"60":{"start":{"line":233,"column":16},"end":{"line":233,"column":22}},"61":{"start":{"line":235,"column":16},"end":{"line":235,"column":60}},"62":{"start":{"line":236,"column":16},"end":{"line":236,"column":22}},"63":{"start":{"line":272,"column":11},"end":{"line":289,"column":5}},"64":{"start":{"line":273,"column":21},"end":{"line":273,"column":73}},"65":{"start":{"line":275,"column":33},"end":{"line":275,"column":44}},"66":{"start":{"line":277,"column":29},"end":{"line":277,"column":74}},"67":{"start":{"line":278,"column":8},"end":{"line":288,"column":9}},"68":{"start":{"line":280,"column":16},"end":{"line":280,"column":57}},"69":{"start":{"line":281,"column":16},"end":{"line":281,"column":22}},"70":{"start":{"line":283,"column":16},"end":{"line":283,"column":60}},"71":{"start":{"line":284,"column":16},"end":{"line":284,"column":22}},"72":{"start":{"line":286,"column":16},"end":{"line":286,"column":60}},"73":{"start":{"line":287,"column":16},"end":{"line":287,"column":22}},"74":{"start":{"line":297,"column":11},"end":{"line":314,"column":5}},"75":{"start":{"line":298,"column":21},"end":{"line":298,"column":73}},"76":{"start":{"line":300,"column":33},"end":{"line":300,"column":50}},"77":{"start":{"line":302,"column":29},"end":{"line":302,"column":74}},"78":{"start":{"line":303,"column":8},"end":{"line":313,"column":9}},"79":{"start":{"line":305,"column":16},"end":{"line":305,"column":57}},"80":{"start":{"line":306,"column":16},"end":{"line":306,"column":22}},"81":{"start":{"line":308,"column":16},"end":{"line":308,"column":60}},"82":{"start":{"line":309,"column":16},"end":{"line":309,"column":22}},"83":{"start":{"line":311,"column":16},"end":{"line":311,"column":60}},"84":{"start":{"line":312,"column":16},"end":{"line":312,"column":22}},"85":{"start":{"line":316,"column":11},"end":{"line":322,"column":5}},"86":{"start":{"line":317,"column":8},"end":{"line":321,"column":15}},"87":{"start":{"line":318,"column":16},"end":{"line":318,"column":74}},"88":{"start":{"line":320,"column":16},"end":{"line":320,"column":69}},"89":{"start":{"line":328,"column":11},"end":{"line":366,"column":5}},"90":{"start":{"line":330,"column":8},"end":{"line":332,"column":9}},"91":{"start":{"line":331,"column":12},"end":{"line":331,"column":41}},"92":{"start":{"line":334,"column":24},"end":{"line":363,"column":12}},"93":{"start":{"line":336,"column":12},"end":{"line":336,"column":34}},"94":{"start":{"line":338,"column":34},"end":{"line":338,"column":48}},"95":{"start":{"line":340,"column":12},"end":{"line":342,"column":13}},"96":{"start":{"line":341,"column":16},"end":{"line":341,"column":55}},"97":{"start":{"line":343,"column":27},"end":{"line":348,"column":13}},"98":{"start":{"line":349,"column":43},"end":{"line":349,"column":82}},"99":{"start":{"line":350,"column":50},"end":{"line":352,"column":13}},"100":{"start":{"line":351,"column":16},"end":{"line":351,"column":57}},"101":{"start":{"line":355,"column":12},"end":{"line":362,"column":19}},"102":{"start":{"line":357,"column":20},"end":{"line":357,"column":48}},"103":{"start":{"line":358,"column":20},"end":{"line":358,"column":37}},"104":{"start":{"line":360,"column":20},"end":{"line":360,"column":49}},"105":{"start":{"line":361,"column":20},"end":{"line":361,"column":34}},"106":{"start":{"line":365,"column":8},"end":{"line":365,"column":23}},"107":{"start":{"line":368,"column":11},"end":{"line":442,"column":5}},"108":{"start":{"line":369,"column":8},"end":{"line":441,"column":9}},"109":{"start":{"line":370,"column":12},"end":{"line":370,"column":39}},"110":{"start":{"line":371,"column":12},"end":{"line":371,"column":44}},"111":{"start":{"line":372,"column":36},"end":{"line":372,"column":37}},"112":{"start":{"line":373,"column":30},"end":{"line":373,"column":46}},"113":{"start":{"line":375,"column":33},"end":{"line":378,"column":13}},"114":{"start":{"line":379,"column":12},"end":{"line":379,"column":36}},"115":{"start":{"line":380,"column":12},"end":{"line":380,"column":51}},"116":{"start":{"line":382,"column":28},"end":{"line":439,"column":14}},"117":{"start":{"line":383,"column":16},"end":{"line":438,"column":19}},"118":{"start":{"line":384,"column":52},"end":{"line":384,"column":53}},"119":{"start":{"line":385,"column":24},"end":{"line":411,"column":27}},"120":{"start":{"line":387,"column":28},"end":{"line":410,"column":35}},"121":{"start":{"line":389,"column":36},"end":{"line":389,"column":70}},"122":{"start":{"line":390,"column":36},"end":{"line":390,"column":52}},"123":{"start":{"line":394,"column":36},"end":{"line":399,"column":37}},"124":{"start":{"line":395,"column":40},"end":{"line":395,"column":52}},"125":{"start":{"line":396,"column":40},"end":{"line":398,"column":41}},"126":{"start":{"line":397,"column":44},"end":{"line":397,"column":66}},"127":{"start":{"line":401,"column":36},"end":{"line":401,"column":67}},"128":{"start":{"line":402,"column":36},"end":{"line":402,"column":52}},"129":{"start":{"line":404,"column":36},"end":{"line":409,"column":37}},"130":{"start":{"line":405,"column":40},"end":{"line":405,"column":52}},"131":{"start":{"line":406,"column":40},"end":{"line":408,"column":41}},"132":{"start":{"line":407,"column":44},"end":{"line":407,"column":65}},"133":{"start":{"line":440,"column":12},"end":{"line":440,"column":27}},"134":{"start":{"line":84,"column":8},"end":{"line":84,"column":36}},"135":{"start":{"line":85,"column":8},"end":{"line":85,"column":31}},"136":{"start":{"line":86,"column":8},"end":{"line":86,"column":25}},"137":{"start":{"line":88,"column":8},"end":{"line":90,"column":10}},"138":{"start":{"line":91,"column":8},"end":{"line":93,"column":10}},"139":{"start":{"line":95,"column":8},"end":{"line":95,"column":43}},"140":{"start":{"line":10,"column":18},"end":{"line":12,"column":5}},"141":{"start":{"line":11,"column":8},"end":{"line":11,"column":42}},"142":{"start":{"line":14,"column":18},"end":{"line":22,"column":5}},"143":{"start":{"line":15,"column":8},"end":{"line":15,"column":64}},"144":{"start":{"line":16,"column":8},"end":{"line":16,"column":71}},"145":{"start":{"line":17,"column":8},"end":{"line":17,"column":71}},"146":{"start":{"line":19,"column":8},"end":{"line":19,"column":78}},"147":{"start":{"line":20,"column":8},"end":{"line":20,"column":87}},"148":{"start":{"line":21,"column":8},"end":{"line":21,"column":80}},"149":{"start":{"line":24,"column":18},"end":{"line":44,"column":5}},"150":{"start":{"line":31,"column":8},"end":{"line":43,"column":9}},"151":{"start":{"line":34,"column":16},"end":{"line":34,"column":108}},"152":{"start":{"line":35,"column":16},"end":{"line":35,"column":27}},"153":{"start":{"line":41,"column":12},"end":{"line":41,"column":35}},"154":{"start":{"line":42,"column":12},"end":{"line":42,"column":23}},"155":{"start":{"line":51,"column":18},"end":{"line":65,"column":5}},"156":{"start":{"line":52,"column":21},"end":{"line":52,"column":23}},"157":{"start":{"line":53,"column":21},"end":{"line":53,"column":39}},"158":{"start":{"line":54,"column":8},"end":{"line":64,"column":9}},"159":{"start":{"line":55,"column":12},"end":{"line":60,"column":15}},"160":{"start":{"line":56,"column":16},"end":{"line":56,"column":53}},"161":{"start":{"line":57,"column":16},"end":{"line":59,"column":17}},"162":{"start":{"line":58,"column":20},"end":{"line":58,"column":34}},"163":{"start":{"line":61,"column":12},"end":{"line":61,"column":26}},"164":{"start":{"line":63,"column":12},"end":{"line":63,"column":24}},"165":{"start":{"line":8,"column":0},"end":{"line":443,"column":1}}},"fnMap":{"0":{"name":"(anonymous_0)","decl":{"start":{"line":83,"column":4},"end":{"line":83,"column":15}},"loc":{"start":{"line":83,"column":26},"end":{"line":96,"column":5}}},"1":{"name":"(anonymous_1)","decl":{"start":{"line":100,"column":26},"end":{"line":100,"column":38}},"loc":{"start":{"line":100,"column":42},"end":{"line":100,"column":56}}},"2":{"name":"(anonymous_2)","decl":{"start":{"line":101,"column":29},"end":{"line":101,"column":41}},"loc":{"start":{"line":101,"column":45},"end":{"line":101,"column":62}}},"3":{"name":"(anonymous_3)","decl":{"start":{"line":102,"column":26},"end":{"line":102,"column":27}},"loc":{"start":{"line":102,"column":51},"end":{"line":102,"column":77}}},"4":{"name":"(anonymous_4)","decl":{"start":{"line":109,"column":28},"end":{"line":109,"column":29}},"loc":{"start":{"line":109,"column":67},"end":{"line":115,"column":5}}},"5":{"name":"(anonymous_5)","decl":{"start":{"line":122,"column":29},"end":{"line":122,"column":30}},"loc":{"start":{"line":122,"column":82},"end":{"line":131,"column":5}}},"6":{"name":"(anonymous_6)","decl":{"start":{"line":136,"column":30},"end":{"line":136,"column":32}},"loc":{"start":{"line":136,"column":35},"end":{"line":140,"column":5}}},"7":{"name":"(anonymous_7)","decl":{"start":{"line":145,"column":28},"end":{"line":145,"column":30}},"loc":{"start":{"line":145,"column":33},"end":{"line":147,"column":5}}},"8":{"name":"(anonymous_8)","decl":{"start":{"line":152,"column":30},"end":{"line":152,"column":31}},"loc":{"start":{"line":152,"column":60},"end":{"line":167,"column":5}}},"9":{"name":"(anonymous_9)","decl":{"start":{"line":180,"column":20},"end":{"line":180,"column":21}},"loc":{"start":{"line":180,"column":72},"end":{"line":185,"column":5}}},"10":{"name":"(anonymous_10)","decl":{"start":{"line":194,"column":22},"end":{"line":194,"column":23}},"loc":{"start":{"line":194,"column":80},"end":{"line":211,"column":5}}},"11":{"name":"(anonymous_11)","decl":{"start":{"line":220,"column":22},"end":{"line":220,"column":23}},"loc":{"start":{"line":220,"column":80},"end":{"line":238,"column":5}}},"12":{"name":"(anonymous_12)","decl":{"start":{"line":272,"column":25},"end":{"line":272,"column":26}},"loc":{"start":{"line":272,"column":83},"end":{"line":289,"column":5}}},"13":{"name":"(anonymous_13)","decl":{"start":{"line":297,"column":28},"end":{"line":297,"column":29}},"loc":{"start":{"line":297,"column":86},"end":{"line":314,"column":5}}},"14":{"name":"(anonymous_14)","decl":{"start":{"line":316,"column":24},"end":{"line":316,"column":25}},"loc":{"start":{"line":316,"column":82},"end":{"line":322,"column":5}}},"15":{"name":"(anonymous_15)","decl":{"start":{"line":317,"column":25},"end":{"line":317,"column":26}},"loc":{"start":{"line":317,"column":37},"end":{"line":319,"column":13}}},"16":{"name":"(anonymous_16)","decl":{"start":{"line":319,"column":15},"end":{"line":319,"column":16}},"loc":{"start":{"line":319,"column":25},"end":{"line":321,"column":13}}},"17":{"name":"(anonymous_17)","decl":{"start":{"line":328,"column":30},"end":{"line":328,"column":31}},"loc":{"start":{"line":328,"column":65},"end":{"line":366,"column":5}}},"18":{"name":"(anonymous_18)","decl":{"start":{"line":334,"column":36},"end":{"line":334,"column":37}},"loc":{"start":{"line":334,"column":56},"end":{"line":363,"column":11}}},"19":{"name":"(anonymous_19)","decl":{"start":{"line":350,"column":50},"end":{"line":350,"column":51}},"loc":{"start":{"line":350,"column":59},"end":{"line":352,"column":13}}},"20":{"name":"(anonymous_20)","decl":{"start":{"line":356,"column":22},"end":{"line":356,"column":23}},"loc":{"start":{"line":356,"column":34},"end":{"line":359,"column":17}}},"21":{"name":"(anonymous_21)","decl":{"start":{"line":359,"column":19},"end":{"line":359,"column":20}},"loc":{"start":{"line":359,"column":29},"end":{"line":362,"column":17}}},"22":{"name":"(anonymous_22)","decl":{"start":{"line":368,"column":18},"end":{"line":368,"column":20}},"loc":{"start":{"line":368,"column":23},"end":{"line":442,"column":5}}},"23":{"name":"(anonymous_23)","decl":{"start":{"line":382,"column":40},"end":{"line":382,"column":41}},"loc":{"start":{"line":382,"column":60},"end":{"line":439,"column":13}}},"24":{"name":"(anonymous_24)","decl":{"start":{"line":383,"column":37},"end":{"line":383,"column":38}},"loc":{"start":{"line":383,"column":46},"end":{"line":438,"column":17}}},"25":{"name":"(anonymous_25)","decl":{"start":{"line":385,"column":42},"end":{"line":385,"column":43}},"loc":{"start":{"line":385,"column":55},"end":{"line":411,"column":25}}},"26":{"name":"(anonymous_26)","decl":{"start":{"line":388,"column":38},"end":{"line":388,"column":39}},"loc":{"start":{"line":388,"column":49},"end":{"line":400,"column":33}}},"27":{"name":"(anonymous_27)","decl":{"start":{"line":400,"column":35},"end":{"line":400,"column":36}},"loc":{"start":{"line":400,"column":45},"end":{"line":410,"column":33}}},"28":{"name":"(anonymous_28)","decl":{"start":{"line":10,"column":27},"end":{"line":10,"column":28}},"loc":{"start":{"line":10,"column":54},"end":{"line":12,"column":5}}},"29":{"name":"(anonymous_29)","decl":{"start":{"line":14,"column":33},"end":{"line":14,"column":34}},"loc":{"start":{"line":14,"column":70},"end":{"line":22,"column":5}}},"30":{"name":"(anonymous_30)","decl":{"start":{"line":24,"column":28},"end":{"line":24,"column":29}},"loc":{"start":{"line":24,"column":105},"end":{"line":44,"column":5}}},"31":{"name":"(anonymous_31)","decl":{"start":{"line":51,"column":30},"end":{"line":51,"column":31}},"loc":{"start":{"line":51,"column":56},"end":{"line":65,"column":5}}},"32":{"name":"(anonymous_32)","decl":{"start":{"line":55,"column":25},"end":{"line":55,"column":26}},"loc":{"start":{"line":55,"column":40},"end":{"line":60,"column":13}}}},"branchMap":{"0":{"loc":{"start":{"line":83,"column":23},"end":{"line":83,"column":26}},"type":"default-arg","locations":[{"start":{"line":83,"column":23},"end":{"line":83,"column":26}}]},"1":{"loc":{"start":{"line":126,"column":8},"end":{"line":129,"column":9}},"type":"if","locations":[{"start":{"line":126,"column":8},"end":{"line":129,"column":9}},{"start":{"line":126,"column":8},"end":{"line":129,"column":9}}]},"2":{"loc":{"start":{"line":126,"column":12},"end":{"line":126,"column":30}},"type":"binary-expr","locations":[{"start":{"line":126,"column":12},"end":{"line":126,"column":30}},{"start":{"line":126,"column":34},"end":{"line":126,"column":64}}]},"3":{"loc":{"start":{"line":152,"column":52},"end":{"line":152,"column":56}},"type":"default-arg","locations":[{"start":{"line":152,"column":52},"end":{"line":152,"column":56}}]},"4":{"loc":{"start":{"line":153,"column":8},"end":{"line":156,"column":9}},"type":"if","locations":[{"start":{"line":153,"column":8},"end":{"line":156,"column":9}},{"start":{"line":153,"column":8},"end":{"line":156,"column":9}}]},"5":{"loc":{"start":{"line":158,"column":8},"end":{"line":166,"column":9}},"type":"if","locations":[{"start":{"line":158,"column":8},"end":{"line":166,"column":9}},{"start":{"line":158,"column":8},"end":{"line":166,"column":9}}]},"6":{"loc":{"start":{"line":158,"column":12},"end":{"line":158,"column":33}},"type":"binary-expr","locations":[{"start":{"line":158,"column":12},"end":{"line":158,"column":33}},{"start":{"line":158,"column":37},"end":{"line":158,"column":75}}]},"7":{"loc":{"start":{"line":181,"column":39},"end":{"line":181,"column":53}},"type":"cond-expr","locations":[{"start":{"line":181,"column":39},"end":{"line":181,"column":53}},{"start":{"line":181,"column":56},"end":{"line":181,"column":74}}]},"8":{"loc":{"start":{"line":195,"column":38},"end":{"line":195,"column":52}},"type":"cond-expr","locations":[{"start":{"line":195,"column":38},"end":{"line":195,"column":52}},{"start":{"line":195,"column":55},"end":{"line":195,"column":73}}]},"9":{"loc":{"start":{"line":201,"column":12},"end":{"line":203,"column":22}},"type":"switch","locations":[{"start":{"line":201,"column":12},"end":{"line":203,"column":22}},{"start":{"line":204,"column":12},"end":{"line":206,"column":22}},{"start":{"line":207,"column":12},"end":{"line":209,"column":22}}]},"10":{"loc":{"start":{"line":221,"column":38},"end":{"line":221,"column":52}},"type":"cond-expr","locations":[{"start":{"line":221,"column":38},"end":{"line":221,"column":52}},{"start":{"line":221,"column":55},"end":{"line":221,"column":73}}]},"11":{"loc":{"start":{"line":228,"column":12},"end":{"line":230,"column":22}},"type":"switch","locations":[{"start":{"line":228,"column":12},"end":{"line":230,"column":22}},{"start":{"line":231,"column":12},"end":{"line":233,"column":22}},{"start":{"line":234,"column":12},"end":{"line":236,"column":22}}]},"12":{"loc":{"start":{"line":273,"column":38},"end":{"line":273,"column":52}},"type":"cond-expr","locations":[{"start":{"line":273,"column":38},"end":{"line":273,"column":52}},{"start":{"line":273,"column":55},"end":{"line":273,"column":73}}]},"13":{"loc":{"start":{"line":279,"column":12},"end":{"line":281,"column":22}},"type":"switch","locations":[{"start":{"line":279,"column":12},"end":{"line":281,"column":22}},{"start":{"line":282,"column":12},"end":{"line":284,"column":22}},{"start":{"line":285,"column":12},"end":{"line":287,"column":22}}]},"14":{"loc":{"start":{"line":298,"column":38},"end":{"line":298,"column":52}},"type":"cond-expr","locations":[{"start":{"line":298,"column":38},"end":{"line":298,"column":52}},{"start":{"line":298,"column":55},"end":{"line":298,"column":73}}]},"15":{"loc":{"start":{"line":304,"column":12},"end":{"line":306,"column":22}},"type":"switch","locations":[{"start":{"line":304,"column":12},"end":{"line":306,"column":22}},{"start":{"line":307,"column":12},"end":{"line":309,"column":22}},{"start":{"line":310,"column":12},"end":{"line":312,"column":22}}]},"16":{"loc":{"start":{"line":330,"column":8},"end":{"line":332,"column":9}},"type":"if","locations":[{"start":{"line":330,"column":8},"end":{"line":332,"column":9}},{"start":{"line":330,"column":8},"end":{"line":332,"column":9}}]},"17":{"loc":{"start":{"line":340,"column":12},"end":{"line":342,"column":13}},"type":"if","locations":[{"start":{"line":340,"column":12},"end":{"line":342,"column":13}},{"start":{"line":340,"column":12},"end":{"line":342,"column":13}}]},"18":{"loc":{"start":{"line":369,"column":8},"end":{"line":441,"column":9}},"type":"if","locations":[{"start":{"line":369,"column":8},"end":{"line":441,"column":9}},{"start":{"line":369,"column":8},"end":{"line":441,"column":9}}]},"19":{"loc":{"start":{"line":394,"column":36},"end":{"line":399,"column":37}},"type":"if","locations":[{"start":{"line":394,"column":36},"end":{"line":399,"column":37}},{"start":{"line":394,"column":36},"end":{"line":399,"column":37}}]},"20":{"loc":{"start":{"line":396,"column":40},"end":{"line":398,"column":41}},"type":"if","locations":[{"start":{"line":396,"column":40},"end":{"line":398,"column":41}},{"start":{"line":396,"column":40},"end":{"line":398,"column":41}}]},"21":{"loc":{"start":{"line":404,"column":36},"end":{"line":409,"column":37}},"type":"if","locations":[{"start":{"line":404,"column":36},"end":{"line":409,"column":37}},{"start":{"line":404,"column":36},"end":{"line":409,"column":37}}]},"22":{"loc":{"start":{"line":406,"column":40},"end":{"line":408,"column":41}},"type":"if","locations":[{"start":{"line":406,"column":40},"end":{"line":408,"column":41}},{"start":{"line":406,"column":40},"end":{"line":408,"column":41}}]},"23":{"loc":{"start":{"line":31,"column":8},"end":{"line":43,"column":9}},"type":"if","locations":[{"start":{"line":31,"column":8},"end":{"line":43,"column":9}},{"start":{"line":31,"column":8},"end":{"line":43,"column":9}}]},"24":{"loc":{"start":{"line":31,"column":12},"end":{"line":31,"column":57}},"type":"binary-expr","locations":[{"start":{"line":31,"column":12},"end":{"line":31,"column":57}},{"start":{"line":31,"column":61},"end":{"line":31,"column":116}}]},"25":{"loc":{"start":{"line":54,"column":8},"end":{"line":64,"column":9}},"type":"if","locations":[{"start":{"line":54,"column":8},"end":{"line":64,"column":9}},{"start":{"line":54,"column":8},"end":{"line":64,"column":9}}]},"26":{"loc":{"start":{"line":57,"column":16},"end":{"line":59,"column":17}},"type":"if","locations":[{"start":{"line":57,"column":16},"end":{"line":59,"column":17}},{"start":{"line":57,"column":16},"end":{"line":59,"column":17}}]}},"s":{"0":2,"1":2,"2":2,"3":2,"4":37,"5":37,"6":7,"7":37,"8":12,"9":37,"10":13,"11":37,"12":20,"13":20,"14":20,"15":20,"16":20,"17":37,"18":4,"19":4,"20":4,"21":1,"22":4,"23":37,"24":28,"25":28,"26":37,"27":82,"28":37,"29":84,"30":84,"31":84,"32":11,"33":11,"34":11,"35":11,"36":11,"37":73,"38":37,"39":0,"40":0,"41":37,"42":0,"43":0,"44":0,"45":0,"46":0,"47":0,"48":0,"49":0,"50":0,"51":0,"52":37,"53":0,"54":0,"55":0,"56":0,"57":0,"58":0,"59":0,"60":0,"61":0,"62":0,"63":37,"64":0,"65":0,"66":0,"67":0,"68":0,"69":0,"70":0,"71":0,"72":0,"73":0,"74":37,"75":0,"76":0,"77":0,"78":0,"79":0,"80":0,"81":0,"82":0,"83":0,"84":0,"85":37,"86":0,"87":0,"88":0,"89":37,"90":80,"91":22,"92":80,"93":80,"94":80,"95":80,"96":71,"97":80,"98":80,"99":80,"100":78,"101":80,"102":79,"103":79,"104":1,"105":1,"106":80,"107":37,"108":14,"109":14,"110":14,"111":14,"112":14,"113":14,"114":14,"115":14,"116":14,"117":14,"118":28,"119":28,"120":112,"121":104,"122":104,"123":104,"124":26,"125":26,"126":13,"127":8,"128":8,"129":8,"130":2,"131":2,"132":1,"133":14,"134":37,"135":37,"136":37,"137":37,"138":37,"139":37,"140":2,"141":1,"142":2,"143":37,"144":37,"145":37,"146":37,"147":37,"148":37,"149":2,"150":2,"151":1,"152":1,"153":1,"154":1,"155":2,"156":82,"157":82,"158":82,"159":81,"160":322,"161":322,"162":241,"163":81,"164":1,"165":2},"f":{"0":37,"1":7,"2":12,"3":13,"4":20,"5":4,"6":28,"7":82,"8":84,"9":0,"10":0,"11":0,"12":0,"13":0,"14":0,"15":0,"16":0,"17":80,"18":80,"19":78,"20":79,"21":1,"22":14,"23":14,"24":28,"25":112,"26":104,"27":8,"28":1,"29":37,"30":2,"31":82,"32":322},"b":{"0":[35],"1":[1,3],"2":[4,2],"3":[4],"4":[1,83],"5":[11,73],"6":[84,75],"7":[0,0],"8":[0,0],"9":[0,0,0],"10":[0,0],"11":[0,0,0],"12":[0,0],"13":[0,0,0],"14":[0,0],"15":[0,0,0],"16":[22,58],"17":[71,9],"18":[14,0],"19":[26,78],"20":[13,13],"21":[2,6],"22":[1,1],"23":[1,1],"24":[2,1],"25":[81,1],"26":[241,81]}}
}
