TN:
SF:/Users/RSW/Sites/clubebossa-api-v2/src/App.ts
FN:32,(anonymous_0)
FN:39,(anonymous_1)
FN:48,(anonymous_2)
FN:55,(anonymous_3)
FN:65,(anonymous_4)
FN:68,(anonymous_5)
FN:71,(anonymous_6)
FNF:7
FNH:5
FNDA:2,(anonymous_0)
FNDA:2,(anonymous_1)
FNDA:0,(anonymous_2)
FNDA:29,(anonymous_3)
FNDA:2,(anonymous_4)
FNDA:2,(anonymous_5)
FNDA:0,(anonymous_6)
DA:1,2
DA:2,2
DA:3,2
DA:5,2
DA:6,2
DA:9,2
DA:10,2
DA:12,2
DA:13,2
DA:33,2
DA:34,2
DA:35,2
DA:40,2
DA:41,2
DA:42,2
DA:45,2
DA:47,0
DA:48,0
DA:49,0
DA:50,0
DA:55,2
DA:56,29
DA:57,29
DA:58,29
DA:59,29
DA:66,2
DA:67,2
DA:69,2
DA:70,2
DA:71,2
DA:72,0
DA:96,2
LF:32
LH:27
BRDA:45,0,0,0
BRDA:45,0,1,2
BRDA:49,1,0,0
BRDA:49,1,1,0
BRF:4
BRH:1
end_of_record
TN:
SF:/Users/RSW/Sites/clubebossa-api-v2/src/hello.ts
FN:1,(anonymous_0)
FNF:1
FNH:1
FNDA:1,(anonymous_0)
DA:1,1
LF:1
LH:1
BRF:0
BRH:0
end_of_record
TN:
SF:/Users/RSW/Sites/clubebossa-api-v2/src/requestAPI.ts
FN:5,requestAPI
FN:6,(anonymous_1)
FN:12,(anonymous_2)
FNF:3
FNH:3
FNDA:12,requestAPI
FNDA:12,(anonymous_1)
FNDA:12,(anonymous_2)
DA:1,2
DA:2,2
DA:3,2
DA:5,2
DA:6,12
DA:8,12
DA:12,12
DA:14,12
DA:16,1
DA:20,11
DA:21,9
DA:24,11
LF:12
LH:12
BRDA:14,0,0,1
BRDA:14,0,1,11
BRDA:20,1,0,9
BRDA:20,1,1,2
BRF:4
BRH:4
end_of_record
TN:
SF:/Users/RSW/Sites/clubebossa-api-v2/src/config/config.ts
FN:4,default_1
FNF:1
FNH:1
FNDA:11,default_1
DA:4,4
DA:5,11
DA:6,11
DA:7,11
DA:8,11
DA:10,8
DA:27,1
DA:43,1
DA:59,1
LF:9
LH:9
BRDA:9,0,0,8
BRDA:9,0,1,1
BRDA:9,0,2,1
BRDA:9,0,3,1
BRF:4
BRH:4
end_of_record
TN:
SF:/Users/RSW/Sites/clubebossa-api-v2/src/routes/wordpress.ts
FN:83,(anonymous_0)
FN:100,(anonymous_1)
FN:101,(anonymous_2)
FN:102,(anonymous_3)
FN:109,(anonymous_4)
FN:122,(anonymous_5)
FN:136,(anonymous_6)
FN:145,(anonymous_7)
FN:152,(anonymous_8)
FN:180,(anonymous_9)
FN:194,(anonymous_10)
FN:220,(anonymous_11)
FN:272,(anonymous_12)
FN:297,(anonymous_13)
FN:316,(anonymous_14)
FN:317,(anonymous_15)
FN:319,(anonymous_16)
FN:328,(anonymous_17)
FN:334,(anonymous_18)
FN:350,(anonymous_19)
FN:356,(anonymous_20)
FN:359,(anonymous_21)
FN:368,(anonymous_22)
FN:382,(anonymous_23)
FN:383,(anonymous_24)
FN:385,(anonymous_25)
FN:388,(anonymous_26)
FN:400,(anonymous_27)
FN:10,(anonymous_28)
FN:14,(anonymous_29)
FN:24,(anonymous_30)
FN:51,(anonymous_31)
FN:55,(anonymous_32)
FNF:33
FNH:25
FNDA:37,(anonymous_0)
FNDA:7,(anonymous_1)
FNDA:12,(anonymous_2)
FNDA:13,(anonymous_3)
FNDA:20,(anonymous_4)
FNDA:4,(anonymous_5)
FNDA:28,(anonymous_6)
FNDA:82,(anonymous_7)
FNDA:84,(anonymous_8)
FNDA:0,(anonymous_9)
FNDA:0,(anonymous_10)
FNDA:0,(anonymous_11)
FNDA:0,(anonymous_12)
FNDA:0,(anonymous_13)
FNDA:0,(anonymous_14)
FNDA:0,(anonymous_15)
FNDA:0,(anonymous_16)
FNDA:80,(anonymous_17)
FNDA:80,(anonymous_18)
FNDA:78,(anonymous_19)
FNDA:79,(anonymous_20)
FNDA:1,(anonymous_21)
FNDA:14,(anonymous_22)
FNDA:14,(anonymous_23)
FNDA:28,(anonymous_24)
FNDA:112,(anonymous_25)
FNDA:104,(anonymous_26)
FNDA:8,(anonymous_27)
FNDA:1,(anonymous_28)
FNDA:37,(anonymous_29)
FNDA:2,(anonymous_30)
FNDA:82,(anonymous_31)
FNDA:322,(anonymous_32)
DA:1,2
DA:2,2
DA:4,2
DA:6,2
DA:8,2
DA:10,2
DA:11,1
DA:14,2
DA:15,37
DA:16,37
DA:17,37
DA:19,37
DA:20,37
DA:21,37
DA:24,2
DA:31,2
DA:34,1
DA:35,1
DA:41,1
DA:42,1
DA:51,2
DA:52,82
DA:53,82
DA:54,82
DA:55,81
DA:56,322
DA:57,322
DA:58,241
DA:61,81
DA:63,1
DA:70,37
DA:84,37
DA:85,37
DA:86,37
DA:88,37
DA:91,37
DA:95,37
DA:100,37
DA:101,37
DA:102,37
DA:109,37
DA:110,20
DA:111,20
DA:112,20
DA:113,20
DA:114,20
DA:122,37
DA:123,4
DA:124,4
DA:126,4
DA:128,1
DA:130,4
DA:136,37
DA:137,28
DA:138,28
DA:145,37
DA:146,82
DA:152,37
DA:153,84
DA:157,84
DA:158,84
DA:159,11
DA:160,11
DA:161,11
DA:162,11
DA:163,11
DA:165,73
DA:180,37
DA:181,0
DA:184,0
DA:194,37
DA:195,0
DA:197,0
DA:199,0
DA:200,0
DA:202,0
DA:203,0
DA:205,0
DA:206,0
DA:208,0
DA:209,0
DA:220,37
DA:221,0
DA:223,0
DA:225,0
DA:227,0
DA:229,0
DA:230,0
DA:232,0
DA:233,0
DA:235,0
DA:236,0
DA:272,37
DA:273,0
DA:275,0
DA:277,0
DA:278,0
DA:280,0
DA:281,0
DA:283,0
DA:284,0
DA:286,0
DA:287,0
DA:297,37
DA:298,0
DA:300,0
DA:302,0
DA:303,0
DA:305,0
DA:306,0
DA:308,0
DA:309,0
DA:311,0
DA:312,0
DA:316,37
DA:317,0
DA:318,0
DA:320,0
DA:328,37
DA:330,80
DA:331,22
DA:334,80
DA:336,80
DA:338,80
DA:340,80
DA:341,71
DA:343,80
DA:349,80
DA:350,80
DA:351,78
DA:355,80
DA:357,79
DA:358,79
DA:360,1
DA:361,1
DA:365,80
DA:368,37
DA:369,14
DA:370,14
DA:371,14
DA:372,14
DA:373,14
DA:375,14
DA:379,14
DA:380,14
DA:382,14
DA:383,14
DA:384,28
DA:385,28
DA:387,112
DA:389,104
DA:390,104
DA:394,104
DA:395,26
DA:396,26
DA:397,13
DA:401,8
DA:402,8
DA:404,8
DA:405,2
DA:406,2
DA:407,1
DA:440,14
LF:163
LH:118
BRDA:83,0,0,35
BRDA:126,1,0,1
BRDA:126,1,1,3
BRDA:126,2,0,4
BRDA:126,2,1,2
BRDA:152,3,0,4
BRDA:153,4,0,1
BRDA:153,4,1,83
BRDA:158,5,0,11
BRDA:158,5,1,73
BRDA:158,6,0,84
BRDA:158,6,1,75
BRDA:181,7,0,0
BRDA:181,7,1,0
BRDA:195,8,0,0
BRDA:195,8,1,0
BRDA:201,9,0,0
BRDA:201,9,1,0
BRDA:201,9,2,0
BRDA:221,10,0,0
BRDA:221,10,1,0
BRDA:228,11,0,0
BRDA:228,11,1,0
BRDA:228,11,2,0
BRDA:273,12,0,0
BRDA:273,12,1,0
BRDA:279,13,0,0
BRDA:279,13,1,0
BRDA:279,13,2,0
BRDA:298,14,0,0
BRDA:298,14,1,0
BRDA:304,15,0,0
BRDA:304,15,1,0
BRDA:304,15,2,0
BRDA:330,16,0,22
BRDA:330,16,1,58
BRDA:340,17,0,71
BRDA:340,17,1,9
BRDA:369,18,0,14
BRDA:369,18,1,0
BRDA:394,19,0,26
BRDA:394,19,1,78
BRDA:396,20,0,13
BRDA:396,20,1,13
BRDA:404,21,0,2
BRDA:404,21,1,6
BRDA:406,22,0,1
BRDA:406,22,1,1
BRDA:31,23,0,1
BRDA:31,23,1,1
BRDA:31,24,0,2
BRDA:31,24,1,1
BRDA:54,25,0,81
BRDA:54,25,1,1
BRDA:57,26,0,241
BRDA:57,26,1,81
BRF:56
BRH:33
end_of_record
